[debug] [2024-06-14T06:59:57.930Z] ----------------------------------------------------------------------
[debug] [2024-06-14T06:59:57.933Z] Command:       C:\Program Files\nodejs\node.exe C:\Users\MANAV GANDHI\AppData\Roaming\npm\node_modules\firebase-tools\lib\bin\firebase.js init functions
[debug] [2024-06-14T06:59:57.934Z] CLI Version:   13.11.2
[debug] [2024-06-14T06:59:57.934Z] Platform:      win32
[debug] [2024-06-14T06:59:57.934Z] Node Version:  v20.11.0
[debug] [2024-06-14T06:59:57.934Z] Time:          Fri Jun 14 2024 12:29:57 GMT+0530 (India Standard Time)
[debug] [2024-06-14T06:59:57.934Z] ----------------------------------------------------------------------
[debug] 
[debug] [2024-06-14T06:59:58.010Z] > command requires scopes: ["email","openid","https://www.googleapis.com/auth/cloudplatformprojects.readonly","https://www.googleapis.com/auth/firebase","https://www.googleapis.com/auth/cloud-platform"]
[debug] [2024-06-14T06:59:58.010Z] > authorizing via signed-in user (27manavgandhi@gmail.com)
[info] 
     ######## #### ########  ######## ########     ###     ######  ########
     ##        ##  ##     ## ##       ##     ##  ##   ##  ##       ##
     ######    ##  ########  ######   ########  #########  ######  ######
     ##        ##  ##    ##  ##       ##     ## ##     ##       ## ##
     ##       #### ##     ## ######## ########  ##     ##  ######  ########

You're about to initialize a Firebase project in this directory:

  C:\Users\MANAV GANDHI\Desktop\m\twitter-clone

Before we get started, keep in mind:

  * You are initializing within an existing Firebase project directory

[info] 
=== Project Setup
[info] 
[info] First, let's associate this project directory with a Firebase project.
[info] You can create multiple project aliases by running firebase use --add, 
[info] but for now we'll just set up a default project.
[info] 
[debug] [2024-06-14T07:00:05.101Z] Using project from CLI flag: twitter-clone-ccrsxx
[debug] [2024-06-14T07:00:05.103Z] > refreshing access token with scopes: []
[debug] [2024-06-14T07:00:05.105Z] >>> [apiv2][query] POST https://www.googleapis.com/oauth2/v3/token [none]
[debug] [2024-06-14T07:00:05.105Z] >>> [apiv2][body] POST https://www.googleapis.com/oauth2/v3/token [omitted]
[debug] [2024-06-14T07:00:05.356Z] <<< [apiv2][status] POST https://www.googleapis.com/oauth2/v3/token 400
[debug] [2024-06-14T07:00:05.356Z] <<< [apiv2][body] POST https://www.googleapis.com/oauth2/v3/token [omitted]
[debug] [2024-06-14T07:00:05.357Z] >>> [apiv2][query] GET https://firebase.googleapis.com/v1beta1/projects/twitter-clone-ccrsxx [none]
[debug] [2024-06-14T07:00:05.790Z] <<< [apiv2][status] GET https://firebase.googleapis.com/v1beta1/projects/twitter-clone-ccrsxx 401
[debug] [2024-06-14T07:00:05.790Z] <<< [apiv2][body] GET https://firebase.googleapis.com/v1beta1/projects/twitter-clone-ccrsxx {"error":{"code":401,"message":"Request had invalid authentication credentials. Expected OAuth 2 access token, login cookie or other valid authentication credential. See https://developers.google.com/identity/sign-in/web/devconsole-project.","status":"UNAUTHENTICATED"}}
[debug] [2024-06-14T07:00:05.790Z] HTTP Error: 401, Request had invalid authentication credentials. Expected OAuth 2 access token, login cookie or other valid authentication credential. See https://developers.google.com/identity/sign-in/web/devconsole-project.
[debug] [2024-06-14T07:00:05.791Z] FirebaseError: HTTP Error: 401, Request had invalid authentication credentials. Expected OAuth 2 access token, login cookie or other valid authentication credential. See https://developers.google.com/identity/sign-in/web/devconsole-project.
    at responseToError (C:\Users\MANAV GANDHI\AppData\Roaming\npm\node_modules\firebase-tools\lib\responseToError.js:49:12)
    at RetryOperation._fn (C:\Users\MANAV GANDHI\AppData\Roaming\npm\node_modules\firebase-tools\lib\apiv2.js:305:77)
    at process.processTicksAndRejections (node:internal/process/task_queues:95:5)
[error] 
[error] Error: Failed to get Firebase project twitter-clone-ccrsxx. Please make sure the project exists and your account has permission to access it.
